<?xml version="1.0" encoding="UTF-8"?>
<testng-results ignored="0" total="1" passed="1" failed="0" skipped="0">
  <reporter-output>
  </reporter-output>
  <suite started-at="2024-02-13T20:44:31 CST" name="Add Customer E2E Suite" finished-at="2024-02-13T20:44:40 CST" duration-ms="8539">
    <groups>
    </groups>
    <test started-at="2024-02-13T20:44:31 CST" name="AddCustomerTest" finished-at="2024-02-13T20:44:40 CST" duration-ms="8539">
      <class name="com.guru99.testCases.TC002_CustomerCreationAndDeletionTest">
        <test-method is-config="true" signature="setup(java.lang.String)[pri:0, instance:com.guru99.testCases.TC002_CustomerCreationAndDeletionTest@3e08ff24]" started-at="2024-02-13T20:44:31 CST" name="setup" finished-at="2024-02-13T20:44:35 CST" duration-ms="3498" status="PASS">
          <params>
            <param index="0">
              <value>
                <![CDATA[chrome]]>
              </value>
            </param>
          </params>
          <reporter-output>
          </reporter-output>
        </test-method> <!-- setup -->
        <test-method signature="testCustomerCreationAndDeletion(java.lang.String,java.lang.String,java.lang.String,java.lang.String,java.lang.String,java.lang.String,java.lang.String,java.lang.String,java.lang.String,java.lang.String,java.lang.String)[pri:0, instance:com.guru99.testCases.TC002_CustomerCreationAndDeletionTest@3e08ff24]" started-at="2024-02-13T20:44:36 CST" name="testCustomerCreationAndDeletion" data-provider="Data" finished-at="2024-02-13T20:44:39 CST" duration-ms="3891" status="PASS">
          <params>
            <param index="0">
              <value>
                <![CDATA[MUSTAPHA]]>
              </value>
            </param>
            <param index="1">
              <value>
                <![CDATA[07]]>
              </value>
            </param>
            <param index="2">
              <value>
                <![CDATA[01]]>
              </value>
            </param>
            <param index="3">
              <value>
                <![CDATA[19]]>
              </value>
            </param>
            <param index="4">
              <value>
                <![CDATA[TEXAS USA]]>
              </value>
            </param>
            <param index="5">
              <value>
                <![CDATA[DALLAS]]>
              </value>
            </param>
            <param index="6">
              <value>
                <![CDATA[TX]]>
              </value>
            </param>
            <param index="7">
              <value>
                <![CDATA[2010]]>
              </value>
            </param>
            <param index="8">
              <value>
                <![CDATA[93214567]]>
              </value>
            </param>
            <param index="9">
              <value>
                <![CDATA[musta-qa@gmail.com]]>
              </value>
            </param>
            <param index="10">
              <value>
                <![CDATA[mustaphaqa]]>
              </value>
            </param>
          </params>
          <reporter-output>
          </reporter-output>
        </test-method> <!-- testCustomerCreationAndDeletion -->
      </class> <!-- com.guru99.testCases.TC002_CustomerCreationAndDeletionTest -->
    </test> <!-- AddCustomerTest -->
  </suite> <!-- Add Customer E2E Suite -->
</testng-results>
