<?xml version="1.0" encoding="UTF-8"?>
<testng-results ignored="0" total="2" passed="2" failed="0" skipped="0">
  <reporter-output>
  </reporter-output>
  <suite started-at="2024-03-28T08:57:11 CDT" name="Customer LifeCycle E2E Suite" finished-at="2024-03-28T08:57:23 CDT" duration-ms="12024">
    <groups>
    </groups>
    <test started-at="2024-03-28T08:57:11 CDT" name="LoginTest" finished-at="2024-03-28T08:57:15 CDT" duration-ms="4680">
      <class name="com.guru99.testCases.TC001_LoginTest">
        <test-method is-config="true" signature="setup(java.lang.String)[pri:0, instance:com.guru99.testCases.TC001_LoginTest@31ea9581]" started-at="2024-03-28T08:57:11 CDT" name="setup" finished-at="2024-03-28T08:57:14 CDT" duration-ms="3275" status="PASS">
          <params>
            <param index="0">
              <value>
                <![CDATA[chrome]]>
              </value>
            </param>
          </params>
          <reporter-output>
          </reporter-output>
        </test-method> <!-- setup -->
        <test-method signature="validUserShouldBeAbleToLogin()[pri:0, instance:com.guru99.testCases.TC001_LoginTest@31ea9581]" started-at="2024-03-28T08:57:14 CDT" name="validUserShouldBeAbleToLogin" finished-at="2024-03-28T08:57:15 CDT" duration-ms="909" status="PASS">
          <reporter-output>
          </reporter-output>
        </test-method> <!-- validUserShouldBeAbleToLogin -->
        <test-method is-config="true" signature="tearDown()[pri:0, instance:com.guru99.testCases.TC001_LoginTest@31ea9581]" started-at="2024-03-28T08:57:15 CDT" name="tearDown" finished-at="2024-03-28T08:57:15 CDT" duration-ms="344" status="PASS">
          <reporter-output>
          </reporter-output>
        </test-method> <!-- tearDown -->
      </class> <!-- com.guru99.testCases.TC001_LoginTest -->
    </test> <!-- LoginTest -->
    <test started-at="2024-03-28T08:57:15 CDT" name="CustomerLifecycleTest" finished-at="2024-03-28T08:57:23 CDT" duration-ms="7141">
      <class name="com.guru99.testCases.TC002_CustomerCreationAndDeletionTest">
        <test-method is-config="true" signature="setup(java.lang.String)[pri:0, instance:com.guru99.testCases.TC002_CustomerCreationAndDeletionTest@65987993]" started-at="2024-03-28T08:57:15 CDT" name="setup" finished-at="2024-03-28T08:57:18 CDT" duration-ms="2128" status="PASS">
          <params>
            <param index="0">
              <value>
                <![CDATA[chrome]]>
              </value>
            </param>
          </params>
          <reporter-output>
          </reporter-output>
        </test-method> <!-- setup -->
        <test-method signature="testCustomerCreationAndDeletion(java.lang.String,java.lang.String,java.lang.String,java.lang.String,java.lang.String,java.lang.String,java.lang.String,java.lang.String,java.lang.String,java.lang.String,java.lang.String)[pri:0, instance:com.guru99.testCases.TC002_CustomerCreationAndDeletionTest@65987993]" started-at="2024-03-28T08:57:18 CDT" name="testCustomerCreationAndDeletion" data-provider="Data" finished-at="2024-03-28T08:57:22 CDT" duration-ms="3775" status="PASS">
          <params>
            <param index="0">
              <value>
                <![CDATA[MUSTAPHA]]>
              </value>
            </param>
            <param index="1">
              <value>
                <![CDATA[07]]>
              </value>
            </param>
            <param index="2">
              <value>
                <![CDATA[01]]>
              </value>
            </param>
            <param index="3">
              <value>
                <![CDATA[19]]>
              </value>
            </param>
            <param index="4">
              <value>
                <![CDATA[TEXAS USA]]>
              </value>
            </param>
            <param index="5">
              <value>
                <![CDATA[DALLAS]]>
              </value>
            </param>
            <param index="6">
              <value>
                <![CDATA[TX]]>
              </value>
            </param>
            <param index="7">
              <value>
                <![CDATA[2010]]>
              </value>
            </param>
            <param index="8">
              <value>
                <![CDATA[93214567]]>
              </value>
            </param>
            <param index="9">
              <value>
                <![CDATA[musta-qa@gmail.com]]>
              </value>
            </param>
            <param index="10">
              <value>
                <![CDATA[mustaphaqa]]>
              </value>
            </param>
          </params>
          <reporter-output>
          </reporter-output>
        </test-method> <!-- testCustomerCreationAndDeletion -->
        <test-method is-config="true" signature="tearDown()[pri:0, instance:com.guru99.testCases.TC002_CustomerCreationAndDeletionTest@65987993]" started-at="2024-03-28T08:57:22 CDT" name="tearDown" finished-at="2024-03-28T08:57:23 CDT" duration-ms="326" status="PASS">
          <reporter-output>
          </reporter-output>
        </test-method> <!-- tearDown -->
      </class> <!-- com.guru99.testCases.TC002_CustomerCreationAndDeletionTest -->
    </test> <!-- CustomerLifecycleTest -->
  </suite> <!-- Customer LifeCycle E2E Suite -->
</testng-results>
